<?xml version="1.0" encoding="UTF-8"?>
<!-- Generated by org.testng.reporters.JUnitReportReporter -->
<testsuite skipped="1" hostname="DESKTOP-1035O1U" name="com.poc.runner.TestRunner" tests="1" failures="0" timestamp="28 Sep 2020 12:06:34 GMT" time="0.000" errors="0">
  <testcase name="feature" time="0.000" classname="com.poc.runner.TestRunner">
    <skipped/>
  </testcase> <!-- feature -->
</testsuite> <!-- com.poc.runner.TestRunner -->
